[2025-06-12 12:05:59,438.438] Namespace(experiment_name='dummy_Exp', base_modelName='gpt2_124M', data_path='the-verdict.txt', training_type='pre-train', peft_type=None, load_weights=True, pre_save_model=None, model_name='gpt2', tokenizer='tiktoken', seed=123, batch_size=4, train_split=0.5, val_split=0.25)
[2025-06-12 12:05:59,912.912] Configuration of the gpt2_124M base model loaded..!
[2025-06-12 12:05:59,912.912] Extention detected for the training file is "txt".
[2025-06-12 12:05:59,912.912] Total characters present in the training file: 20479
[2025-06-12 12:05:59,928.928] Training, Validation and Test Data created from the training file. Train data: 10239, Val Data: 5119, Test Data: 5121
[2025-06-12 12:05:59,945.945] Train data tokens: 2528 and model context length : 256
[2025-06-12 12:05:59,945.945] Val data tokens: 1339 and model context length : 256
[2025-06-12 12:05:59,945.945] Test data tokens: 1280 and model context length : 256
[2025-06-12 12:05:59,953.953] ---------------------------------------------------------
[2025-06-12 12:05:59,953.953] Loading the dataset class for pre-training...
[2025-06-12 12:05:59,961.961] ************** TRAIN DATALOADER ****************************
[2025-06-12 12:05:59,961.961] Length of Train Dataloader: 2
[2025-06-12 12:05:59,963.963] torch.Size([4, 256]), torch.Size([4, 256])
[2025-06-12 12:05:59,965.965] ************** VAL DATALOADER ****************************
[2025-06-12 12:05:59,965.965] Length of Val Dataloader: 1
[2025-06-12 12:05:59,965.965] torch.Size([4, 256]), torch.Size([4, 256])
[2025-06-12 12:05:59,965.965] ************** TEST DATALOADER ****************************
[2025-06-12 12:05:59,965.965] Length of Test Dataloader: 1
[2025-06-12 12:05:59,965.965] torch.Size([4, 256]), torch.Size([4, 256])
[2025-06-12 12:05:59,965.965] Dataloaders created successfully for pre-training task..!
[2025-06-12 12:05:59,965.965] ---------------------------------------------------------
