[2025-06-17 09:29:05,692.692] Namespace(experiment_name='dummy_Exp', base_modelName='gpt2_124M', data_path='the-verdict.txt', training_type='pre-train', peft_type=None, load_weights=True, pre_save_model=None, model_name='gpt2', tokenizer='tiktoken', seed=123, batch_size=1, train_split=0.5, val_split=0.25, context_length=1024, max_new_tokens=100, temp=2, top_k=3)
[2025-06-17 09:29:06,817.817] Configuration of the gpt2_124M base model loaded..!
[2025-06-17 09:29:06,817.817] Extention detected for the training file is "txt".
[2025-06-17 09:29:06,817.817] Total characters present in the training file: 20479
[2025-06-17 09:29:06,817.817] Training, Validation and Test Data created from the training file. Train data: 10239, Val Data: 5119, Test Data: 5121
[2025-06-17 09:29:06,839.839] Train data tokens: 2528, Val data tokens: 1339, Test data tokens: 1280 and model context length : 1024
[2025-06-17 09:29:06,846.846] ---------------------------------------------------------
[2025-06-17 09:29:06,846.846] Loading the dataset class for pre-training...
[2025-06-17 09:29:06,855.855] ************** TRAIN DATALOADER ****************************
[2025-06-17 09:29:06,855.855] Length of Train Dataloader (number of batches): 2
[2025-06-17 09:29:06,856.856] torch.Size([1, 1024]), torch.Size([1, 1024])
[2025-06-17 09:29:06,856.856] ************** VAL DATALOADER ****************************
[2025-06-17 09:29:06,857.857] Length of Val Dataloader (number of batches): 1
[2025-06-17 09:29:06,857.857] torch.Size([1, 1024]), torch.Size([1, 1024])
[2025-06-17 09:29:06,857.857] ************** TEST DATALOADER ****************************
[2025-06-17 09:29:06,857.857] Length of Test Dataloader (number of batches): 1
[2025-06-17 09:29:06,857.857] torch.Size([1, 1024]), torch.Size([1, 1024])
[2025-06-17 09:29:06,857.857] Dataloaders created successfully for pre-training task..!
[2025-06-17 09:29:06,857.857] ---------------------------------------------------------
[2025-06-17 09:29:06,858.858] Loading the weights of the base model : gpt2_124M..!
[2025-06-17 09:29:06,858.858] Model present in the path: model/gpt2
[2025-06-17 09:29:16,358.358] Model weights loaded successfully..!
[2025-06-17 09:29:19,362.362] Generating a text :: 
Once upon a time, the two were friends, the two of which were in a relationship that lasted a few months. The first time, she told me, she had to go to the hospital because of the pain she was going through. The second time she told me she felt so bad about her situation that it took a while before she was able to get back to work."She told me she was so upset that she couldn't go home," she said. She was so upset that she was going back
