[2025-06-17 09:17:35,652.652] Namespace(experiment_name='dummy_Exp', base_modelName='gpt2_124M', data_path='the-verdict.txt', training_type='pre-train', peft_type=None, load_weights=True, pre_save_model=None, model_name='gpt2', tokenizer='tiktoken', seed=123, batch_size=1, train_split=0.5, val_split=0.25, context_length=1024)
[2025-06-17 09:17:36,753.753] Configuration of the gpt2_124M base model loaded..!
[2025-06-17 09:17:36,753.753] Extention detected for the training file is "txt".
[2025-06-17 09:17:36,753.753] Total characters present in the training file: 20479
[2025-06-17 09:17:36,753.753] Training, Validation and Test Data created from the training file. Train data: 10239, Val Data: 5119, Test Data: 5121
[2025-06-17 09:17:36,774.774] Train data tokens: 2528, Val data tokens: 1339, Test data tokens: 1280 and model context length : 1024
[2025-06-17 09:17:36,781.781] ---------------------------------------------------------
[2025-06-17 09:17:36,781.781] Loading the dataset class for pre-training...
[2025-06-17 09:17:36,790.790] ************** TRAIN DATALOADER ****************************
[2025-06-17 09:17:36,790.790] Length of Train Dataloader (number of batches): 2
[2025-06-17 09:17:36,792.792] torch.Size([1, 1024]), torch.Size([1, 1024])
[2025-06-17 09:17:36,792.792] ************** VAL DATALOADER ****************************
[2025-06-17 09:17:36,792.792] Length of Val Dataloader (number of batches): 1
[2025-06-17 09:17:36,792.792] torch.Size([1, 1024]), torch.Size([1, 1024])
[2025-06-17 09:17:36,792.792] ************** TEST DATALOADER ****************************
[2025-06-17 09:17:36,792.792] Length of Test Dataloader (number of batches): 1
[2025-06-17 09:17:36,793.793] torch.Size([1, 1024]), torch.Size([1, 1024])
[2025-06-17 09:17:36,793.793] Dataloaders created successfully for pre-training task..!
[2025-06-17 09:17:36,793.793] ---------------------------------------------------------
[2025-06-17 09:17:36,793.793] Loading the weights of the base model : gpt2_124M..!
[2025-06-17 09:17:36,793.793] Model present in the path: model/gpt2
[2025-06-17 09:17:46,238.238] Model weights loaded successfully..!
[2025-06-17 09:17:49,132.132] Generating a text :: 
Every effort moves you along the road to the top, where the best of your talent is. You'll be rewarded for it with a great job, and you'll have a chance to make a name for yourself as a professional wrestler. You'll be rewarded with an opportunity to be one of WWE's best. You'll be rewarded with the right to be one of the greatest in WWE. You'll be rewarded with the right to be one of the most successful wrestlers in WWE. And you'll be rewarded with the right
